        -:    0:Source:test.c
        -:    0:Graph:test.gcno
        -:    0:Data:test.gcda
        -:    0:Runs:3
        -:    1:#include <stdio.h>
        -:    2:#include <math.h>
        -:    3:
        2:    4:int next_number(int n)
        -:    5:{ 
        2:    6:	int c = 0;
        8:    7:	while (n / 10 != 0)
        -:    8:	{
        6:    9:		c++;
        6:   10:		n = n / 10;
        -:   11:	}
        -:   12:	
        2:   13:	return c;
        -:   14:}	
        -:   15:
        3:   16:int main(void)
        -:   17:{
        -:   18:	int rc, n, i, first;
        3:   19:	printf("Write number: ");
        3:   20:	rc = scanf("%d", &n);
        3:   21:	if (rc == 1)
        -:   22:	{
        2:   23:		if (n < 0)
        -:   24:		{
        1:   25:			n = abs(n);
        1:   26:			printf("-");
        -:   27:		}
        2:   28:		i = next_number(n);
       10:   29:		while (i >= 0)
        -:   30:		{
        8:   31:			first = n / (pow(10, i));
        8:   32:			first = first % 10;
        8:   33:			printf("%d", first);
        8:   34:			i--;
        -:   35:		}
        -:   36:	}
        -:   37:	else
        -:   38:	{
        1:   39:		printf("Invalid out");
        1:   40:		return 1;
        -:   41:	}
        2:   42:	return 0;
        -:   43:}
        -:   44:		
        -:   45:	
